\BOOKMARK [1][]{section.2}{1 Aufgabenstellung}{}% 1
\BOOKMARK [1][]{section.3}{2 Anforderungsdefinition}{}% 2
\BOOKMARK [1][]{section.19}{3 Entwurf}{}% 3
\BOOKMARK [1][]{section.20}{4 Benutzungshinweise}{}% 4
\BOOKMARK [2][]{subsection.21}{4.1 Das Hauptmen\374}{section.20}% 5
\BOOKMARK [2][]{subsection.26}{4.2 Die Optionen}{section.20}% 6
\BOOKMARK [3][]{subsubsection.30}{4.2.1 Die Karteneinstellungen}{subsection.26}% 7
\BOOKMARK [2][]{subsection.35}{4.3 Das Pausemen\374}{section.20}% 8
\BOOKMARK [2][]{subsection.40}{4.4 Ein lokales Spiel starten}{section.20}% 9
\BOOKMARK [2][]{subsection.41}{4.5 Ein Netzwerkspiel starten}{section.20}% 10
\BOOKMARK [2][]{subsection.42}{4.6 Das Spiel}{section.20}% 11
\BOOKMARK [3][]{subsubsection.51}{4.6.1 Eine Bewegung ausf\374hren}{subsection.42}% 12
\BOOKMARK [3][]{subsubsection.52}{4.6.2 Einen Manakristall einsammeln}{subsection.42}% 13
\BOOKMARK [3][]{subsubsection.53}{4.6.3 Einen Angriff ausf\374hren}{subsection.42}% 14
\BOOKMARK [3][]{subsubsection.54}{4.6.4 Eine Spielkarte verwenden}{subsection.42}% 15
\BOOKMARK [2][]{subsection.55}{4.7 Die Spielmechanik}{section.20}% 16
\BOOKMARK [3][]{subsubsection.56}{4.7.1 Spielziel}{subsection.55}% 17
\BOOKMARK [3][]{subsubsection.57}{4.7.2 Zauberst\344be}{subsection.55}% 18
\BOOKMARK [3][]{subsubsection.58}{4.7.3 Die Hand \046 Das Deck}{subsection.55}% 19
\BOOKMARK [3][]{subsubsection.59}{4.7.4 Der eigene Zauberer}{subsection.55}% 20
\BOOKMARK [3][]{subsubsection.60}{4.7.5 Angirffe \046 Bewegungen}{subsection.55}% 21
\BOOKMARK [3][]{subsubsection.63}{4.7.6 Zauberei}{subsection.55}% 22
\BOOKMARK [3][]{subsubsection.65}{4.7.7 Zauperspr\374che}{subsection.55}% 23
\BOOKMARK [3][]{subsubsection.72}{4.7.8 Kreaturen}{subsection.55}% 24
\BOOKMARK [3][]{subsubsection.82}{4.7.9 Attribute}{subsection.55}% 25
\BOOKMARK [3][]{subsubsection.94}{4.7.10 Mana \046 Flux}{subsection.55}% 26
\BOOKMARK [1][]{section.97}{5 Anwendungsbeispiel}{}% 27
\BOOKMARK [1][]{section.98}{6 Quelldateien}{}% 28
\BOOKMARK [2][]{subsection.99}{6.1 Control}{section.98}% 29
\BOOKMARK [3][]{subsubsection.100}{6.1.1 Main.java}{subsection.99}% 30
\BOOKMARK [3][]{subsubsection.137}{6.1.2 Game.java}{subsection.99}% 31
\BOOKMARK [2][]{subsection.264}{6.2 Control.Actions}{section.98}% 32
\BOOKMARK [3][]{subsubsection.265}{6.2.1 Action}{subsection.264}% 33
\BOOKMARK [3][]{subsubsection.312}{6.2.2 AttackAction}{subsection.264}% 34
\BOOKMARK [3][]{subsubsection.632}{6.2.3 AttackMoveAction}{subsection.264}% 35
\BOOKMARK [3][]{subsubsection.683}{6.2.4 ManaPickupAction}{subsection.264}% 36
\BOOKMARK [3][]{subsubsection.735}{6.2.5 ManaPickupMoveAction}{subsection.264}% 37
\BOOKMARK [3][]{subsubsection.794}{6.2.6 MeleeAttackAction}{subsection.264}% 38
\BOOKMARK [3][]{subsubsection.859}{6.2.7 MoveAction}{subsection.264}% 39
\BOOKMARK [3][]{subsubsection.993}{6.2.8 RangedAttackAction}{subsection.264}% 40
\BOOKMARK [2][]{subsection.1049}{6.3 Control.Controllers}{section.98}% 41
\BOOKMARK [3][]{subsubsection.1050}{6.3.1 AnimationController}{subsection.1049}% 42
\BOOKMARK [3][]{subsubsection.1140}{6.3.2 GameController}{subsection.1049}% 43
\BOOKMARK [3][]{subsubsection.1283}{6.3.3 InputController}{subsection.1049}% 44
\BOOKMARK [3][]{subsubsection.1692}{6.3.4 MapController}{subsection.1049}% 45
\BOOKMARK [3][]{subsubsection.1903}{6.3.5 PlayerController}{subsection.1049}% 46
\BOOKMARK [3][]{subsubsection.1959}{6.3.6 SceneController}{subsection.1049}% 47
\BOOKMARK [3][]{subsubsection.2172}{6.3.7 SoundController}{subsection.1049}% 48
\BOOKMARK [3][]{subsubsection.2224}{6.3.8 TurnController}{subsection.1049}% 49
\BOOKMARK [2][]{subsection.2360}{6.4 Control.Network}{section.98}% 50
\BOOKMARK [3][]{subsubsection.2361}{6.4.1 GameClient}{subsection.2360}% 51
\BOOKMARK [3][]{subsubsection.2510}{6.4.2 GameServer}{subsection.2360}% 52
\BOOKMARK [3][]{subsubsection.2662}{6.4.3 RecieveThread}{subsection.2360}% 53
\BOOKMARK [3][]{subsubsection.2777}{6.4.4 SendThread}{subsection.2360}% 54
\BOOKMARK [3][]{subsubsection.2894}{6.4.5 UserThread}{subsection.2360}% 55
\BOOKMARK [2][]{subsection.3032}{6.5 Control.Networks.Packets}{section.98}% 56
\BOOKMARK [3][]{subsubsection.3033}{6.5.1 Packet}{subsection.3032}% 57
\BOOKMARK [3][]{subsubsection.3215}{6.5.2 PacketDecoder}{subsection.3032}% 58
\BOOKMARK [3][]{subsubsection.3473}{6.5.3 PacketType}{subsection.3032}% 59
\BOOKMARK [2][]{subsection.3528}{6.6 Control.SemiControllers}{section.98}% 60
\BOOKMARK [3][]{subsubsection.3529}{6.6.1 Highlighter}{subsection.3528}% 61
\BOOKMARK [3][]{subsubsection.3723}{6.6.2 Selector}{subsection.3528}% 62
\BOOKMARK [2][]{subsection.4053}{6.7 Exceptions}{section.98}% 63
\BOOKMARK [3][]{subsubsection.4054}{6.7.1 MapInvalidException}{subsection.4053}% 64
\BOOKMARK [3][]{subsubsection.4066}{6.7.2 MapTypeNotSupportedException}{subsection.4053}% 65
\BOOKMARK [3][]{subsubsection.4078}{6.7.3 UnexpectedCardException}{subsection.4053}% 66
\BOOKMARK [3][]{subsubsection.4090}{6.7.4 UnexpectedGameObjectException}{subsection.4053}% 67
\BOOKMARK [2][]{subsection.4102}{6.8 Model}{section.98}% 68
\BOOKMARK [3][]{subsubsection.4103}{6.8.1 Player}{subsection.4102}% 69
\BOOKMARK [2][]{subsection.4344}{6.9 Model.Card}{section.98}% 70
\BOOKMARK [3][]{subsubsection.4345}{6.9.1 CardAdapter}{subsection.4344}% 71
\BOOKMARK [3][]{subsubsection.4900}{6.9.2 CardEffectAdapter}{subsection.4344}% 72
\BOOKMARK [3][]{subsubsection.5032}{6.9.3 CardStack}{subsection.4344}% 73
\BOOKMARK [3][]{subsubsection.5191}{6.9.4 CardType}{subsection.4344}% 74
\BOOKMARK [3][]{subsubsection.5216}{6.9.5 Deck}{subsection.4344}% 75
\BOOKMARK [3][]{subsubsection.5314}{6.9.6 EffectTag}{subsection.4344}% 76
\BOOKMARK [3][]{subsubsection.5328}{6.9.7 GenericCardEffect}{subsection.4344}% 77
\BOOKMARK [3][]{subsubsection.5353}{6.9.8 Hand}{subsection.4344}% 78
\BOOKMARK [3][]{subsubsection.5674}{6.9.9 ICard}{subsection.4344}% 79
\BOOKMARK [3][]{subsubsection.5765}{6.9.10 ICardEffect}{subsection.4344}% 80
\BOOKMARK [3][]{subsubsection.5813}{6.9.11 Wand}{subsection.4344}% 81
\BOOKMARK [3][]{subsubsection.5994}{6.9.12 WandFactory}{subsection.4344}% 82
\BOOKMARK [2][]{subsection.6071}{6.10 Model.Card.AllCards}{section.98}% 83
\BOOKMARK [3][]{subsubsection.6072}{6.10.1 CardFactory}{subsection.6071}% 84
\BOOKMARK [2][]{subsection.6159}{6.11 Model.Card.AllCards.Spells}{section.98}% 85
\BOOKMARK [3][]{subsubsection.6160}{6.11.1 AttackSpell}{subsection.6159}% 86
\BOOKMARK [3][]{subsubsection.6361}{6.11.2 Spell}{subsection.6159}% 87
\BOOKMARK [2][]{subsection.6411}{6.12 Model.Card.AllCards.Spells.Chaos}{section.98}% 88
\BOOKMARK [3][]{subsubsection.6412}{6.12.1 Vengeance}{subsection.6411}% 89
\BOOKMARK [2][]{subsection.6477}{6.13 Model.Card.AllCards.Spells.Law}{section.98}% 90
\BOOKMARK [3][]{subsubsection.6478}{6.13.1 Decree}{subsection.6477}% 91
\BOOKMARK [3][]{subsubsection.6545}{6.13.2 DivineBow}{subsection.6477}% 92
\BOOKMARK [3][]{subsubsection.6616}{6.13.3 DivineShield}{subsection.6477}% 93
\BOOKMARK [3][]{subsubsection.6679}{6.13.4 DivineSword}{subsection.6477}% 94
\BOOKMARK [2][]{subsection.6743}{6.14 Model.Card.AllCards.Spells.Neutral}{section.98}% 95
\BOOKMARK [3][]{subsubsection.6744}{6.14.1 MagicBolt}{subsection.6743}% 96
\BOOKMARK [3][]{subsubsection.6781}{6.14.2 WindWalker}{subsection.6743}% 97
\BOOKMARK [2][]{subsection.6853}{6.15 Model.Card.AllCards.Summons}{section.98}% 98
\BOOKMARK [3][]{subsubsection.6854}{6.15.1 Summon}{subsection.6853}% 99
\BOOKMARK [3][]{subsubsection.6966}{6.15.2 SummonEffect}{subsection.6853}% 100
\BOOKMARK [2][]{subsection.7042}{6.16 Model.Card.AllCards.Summons.Chaos}{section.98}% 101
\BOOKMARK [3][]{subsubsection.7043}{6.16.1 Hellhound}{subsection.7042}% 102
\BOOKMARK [3][]{subsubsection.7078}{6.16.2 Hydra}{subsection.7042}% 103
\BOOKMARK [3][]{subsubsection.7112}{6.16.3 Manticore}{subsection.7042}% 104
\BOOKMARK [3][]{subsubsection.7146}{6.16.4 Skeleton}{subsection.7042}% 105
\BOOKMARK [3][]{subsubsection.7179}{6.16.5 Vampire}{subsection.7042}% 106
\BOOKMARK [3][]{subsubsection.7213}{6.16.6 Zombie}{subsection.7042}% 107
\BOOKMARK [2][]{subsection.7247}{6.17 Model.Card.AllCards.Summons.Law}{section.98}% 108
\BOOKMARK [3][]{subsubsection.7248}{6.17.1 IcarusTower}{subsection.7247}% 109
\BOOKMARK [3][]{subsubsection.7282}{6.17.2 Paladin}{subsection.7247}% 110
\BOOKMARK [3][]{subsubsection.7316}{6.17.3 Pegasus}{subsection.7247}% 111
\BOOKMARK [3][]{subsubsection.7350}{6.17.4 SapphireDragon}{subsection.7247}% 112
\BOOKMARK [2][]{subsection.7384}{6.18 Model.Card.AllCards.Summons.Neutral}{section.98}% 113
\BOOKMARK [3][]{subsubsection.7385}{6.18.1 AirElemental}{subsection.7384}% 114
\BOOKMARK [3][]{subsubsection.7417}{6.18.2 Eagle}{subsection.7384}% 115
\BOOKMARK [3][]{subsubsection.7450}{6.18.3 Giant}{subsection.7384}% 116
\BOOKMARK [3][]{subsubsection.7483}{6.18.4 Lion}{subsection.7384}% 117
\BOOKMARK [2][]{subsection.7519}{6.19 Model.Card.Wands}{section.98}% 118
\BOOKMARK [3][]{subsubsection.7520}{6.19.1 AirWand}{subsection.7519}% 119
\BOOKMARK [3][]{subsubsection.7589}{6.19.2 CreatureWand}{subsection.7519}% 120
\BOOKMARK [3][]{subsubsection.7671}{6.19.3 RandomWand}{subsection.7519}% 121
\BOOKMARK [3][]{subsubsection.7711}{6.19.4 UndeadWand}{subsection.7519}% 122
\BOOKMARK [2][]{subsection.7767}{6.20 Model.Game}{section.98}% 123
\BOOKMARK [3][]{subsubsection.7768}{6.20.1 FluxMeter}{subsection.7767}% 124
\BOOKMARK [2][]{subsection.7880}{6.21 Model.GameObject}{section.98}% 125
\BOOKMARK [3][]{subsubsection.7881}{6.21.1 Attribute}{subsection.7880}% 126
\BOOKMARK [3][]{subsubsection.7960}{6.21.2 CreatureAdapter}{subsection.7880}% 127
\BOOKMARK [3][]{subsubsection.8633}{6.21.3 GameObject}{subsection.7880}% 128
\BOOKMARK [3][]{subsubsection.8831}{6.21.4 GameObjects}{subsection.7880}% 129
\BOOKMARK [3][]{subsubsection.8879}{6.21.5 IAttackable}{subsection.7880}% 130
\BOOKMARK [3][]{subsubsection.8929}{6.21.6 ManaCrystal}{subsection.7880}% 131
\BOOKMARK [3][]{subsubsection.9005}{6.21.7 Obstacle}{subsection.7880}% 132
\BOOKMARK [3][]{subsubsection.9033}{6.21.8 PlayerCharacter}{subsection.7880}% 133
\BOOKMARK [3][]{subsubsection.9124}{6.21.9 SummonableMinion}{subsection.7880}% 134
\BOOKMARK [2][]{subsection.9216}{6.22 Model.GameObject.Minions.Chaos}{section.98}% 135
\BOOKMARK [3][]{subsubsection.9217}{6.22.1 HellhoundMinion}{subsection.9216}% 136
\BOOKMARK [3][]{subsubsection.9261}{6.22.2 HydraMinion}{subsection.9216}% 137
\BOOKMARK [3][]{subsubsection.9298}{6.22.3 ManticoreMinion}{subsection.9216}% 138
\BOOKMARK [3][]{subsubsection.9339}{6.22.4 SkeletonMinion}{subsection.9216}% 139
\BOOKMARK [3][]{subsubsection.9380}{6.22.5 VampireMinion}{subsection.9216}% 140
\BOOKMARK [3][]{subsubsection.9419}{6.22.6 ZombieMinion}{subsection.9216}% 141
\BOOKMARK [2][]{subsection.9458}{6.23 Model.GameObject.Minions.Law}{section.98}% 142
\BOOKMARK [3][]{subsubsection.9459}{6.23.1 IcarusTowerMinion}{subsection.9458}% 143
\BOOKMARK [3][]{subsubsection.9505}{6.23.2 PaladinMinion}{subsection.9458}% 144
\BOOKMARK [3][]{subsubsection.9544}{6.23.3 PegasusMinion}{subsection.9458}% 145
\BOOKMARK [3][]{subsubsection.9583}{6.23.4 SapphireDragonMinion}{subsection.9458}% 146
\BOOKMARK [2][]{subsection.9625}{6.24 Model.GameObject.Minions.Neutral}{section.98}% 147
\BOOKMARK [3][]{subsubsection.9626}{6.24.1 AirElementalMinion}{subsection.9625}% 148
\BOOKMARK [3][]{subsubsection.9666}{6.24.2 EagleMinion}{subsection.9625}% 149
\BOOKMARK [3][]{subsubsection.9705}{6.24.3 GiantMinion}{subsection.9625}% 150
\BOOKMARK [3][]{subsubsection.9748}{6.24.4 LionMinion}{subsection.9625}% 151
\BOOKMARK [2][]{subsection.9784}{6.25 Model.Map}{section.98}% 152
\BOOKMARK [3][]{subsubsection.9785}{6.25.1 AxialTransform}{subsection.9784}% 153
\BOOKMARK [3][]{subsubsection.9932}{6.25.2 CubeTransform}{subsection.9784}% 154
\BOOKMARK [3][]{subsubsection.10037}{6.25.3 FloatCubeTransform}{subsection.9784}% 155
\BOOKMARK [3][]{subsubsection.10119}{6.25.4 Map}{subsection.9784}% 156
\BOOKMARK [3][]{subsubsection.10462}{6.25.5 MapGenArgs}{subsection.9784}% 157
\BOOKMARK [3][]{subsubsection.10562}{6.25.6 MapGenerationKeywords}{subsection.9784}% 158
\BOOKMARK [3][]{subsubsection.10609}{6.25.7 MapGenerator}{subsection.9784}% 159
\BOOKMARK [3][]{subsubsection.11089}{6.25.8 Pathfinding}{subsection.9784}% 160
\BOOKMARK [3][]{subsubsection.11404}{6.25.9 PerlinNoise}{subsection.9784}% 161
\BOOKMARK [3][]{subsubsection.11515}{6.25.10 Tile}{subsection.9784}% 162
\BOOKMARK [2][]{subsection.11795}{6.26 Resource}{section.98}% 163
\BOOKMARK [3][]{subsubsection.11796}{6.26.1 Dimensions}{subsection.11795}% 164
\BOOKMARK [3][]{subsubsection.11835}{6.26.2 VideoOptions}{subsection.11795}% 165
\BOOKMARK [2][]{subsection.11862}{6.27 Resource.Constants.CardConstants}{section.98}% 166
\BOOKMARK [3][]{subsubsection.11863}{6.27.1 CardConstants}{subsection.11862}% 167
\BOOKMARK [2][]{subsection.11901}{6.28 Resource.Constants.CardConstants.SpellConstants.Chaos}{section.98}% 168
\BOOKMARK [3][]{subsubsection.11902}{6.28.1 VengeanceSpellConstants}{subsection.11901}% 169
\BOOKMARK [2][]{subsection.11967}{6.29 Resource.Constants.CardConstants.SpellConstants.Law}{section.98}% 170
\BOOKMARK [3][]{subsubsection.11968}{6.29.1 DecreeSpellConstants}{subsection.11967}% 171
\BOOKMARK [3][]{subsubsection.12046}{6.29.2 DivineBowSpellConstants}{subsection.11967}% 172
\BOOKMARK [3][]{subsubsection.12111}{6.29.3 DivineShieldSpellConstants}{subsection.11967}% 173
\BOOKMARK [3][]{subsubsection.12170}{6.29.4 DivineSwordSpellConstants}{subsection.11967}% 174
\BOOKMARK [2][]{subsection.12229}{6.30 Resource.Constants.CardConstants.SpellConstants.Neutral}{section.98}% 175
\BOOKMARK [3][]{subsubsection.12230}{6.30.1 MagicBoltSpellConstants}{subsection.12229}% 176
\BOOKMARK [3][]{subsubsection.12301}{6.30.2 WindWalkerSpellConstants}{subsection.12229}% 177
\BOOKMARK [2][]{subsection.12361}{6.31 Resource.Constants.CardConstants.SummonConstants}{section.98}% 178
\BOOKMARK [3][]{subsubsection.12362}{6.31.1 SummonConstants}{subsection.12361}% 179
\BOOKMARK [2][]{subsection.12395}{6.32 Resource.Constants.CardConstants.SummonConstants.Chaos}{section.98}% 180
\BOOKMARK [3][]{subsubsection.12396}{6.32.1 HellhoundSummonConstants}{subsection.12395}% 181
\BOOKMARK [3][]{subsubsection.12445}{6.32.2 HydraSummonConstants}{subsection.12395}% 182
\BOOKMARK [3][]{subsubsection.12494}{6.32.3 ManticoreSummonConstants}{subsection.12395}% 183
\BOOKMARK [3][]{subsubsection.12543}{6.32.4 SkeletonSummonConstants}{subsection.12395}% 184
\BOOKMARK [3][]{subsubsection.12592}{6.32.5 VampireSummonConstants}{subsection.12395}% 185
\BOOKMARK [3][]{subsubsection.12641}{6.32.6 ZombieSummonConstants}{subsection.12395}% 186
\BOOKMARK [2][]{subsection.12690}{6.33 Resource.Constants.CardConstants.Law}{section.98}% 187
\BOOKMARK [3][]{subsubsection.12691}{6.33.1 IcarusTowerSummonConstants}{subsection.12690}% 188
\BOOKMARK [3][]{subsubsection.12741}{6.33.2 PaladinSummonConstants}{subsection.12690}% 189
\BOOKMARK [3][]{subsubsection.12790}{6.33.3 PegasusSummonConstants}{subsection.12690}% 190
\BOOKMARK [3][]{subsubsection.12839}{6.33.4 SapphireDragonSummonConstants}{subsection.12690}% 191
\BOOKMARK [2][]{subsection.12889}{6.34 Resource.Constants.CardConstants.Neutral}{section.98}% 192
\BOOKMARK [3][]{subsubsection.12890}{6.34.1 AirElementalSummonConstants}{subsection.12889}% 193
\BOOKMARK [3][]{subsubsection.12935}{6.34.2 EagleSummonConstants}{subsection.12889}% 194
\BOOKMARK [3][]{subsubsection.12979}{6.34.3 GiantSummonConstants}{subsection.12889}% 195
\BOOKMARK [3][]{subsubsection.13023}{6.34.4 LionSummonConstants}{subsection.12889}% 196
\BOOKMARK [2][]{subsection.13067}{6.35 Resource.Constants.CardConstants.WandConstants}{section.98}% 197
\BOOKMARK [3][]{subsubsection.13068}{6.35.1 AirWandConstants}{subsection.13067}% 198
\BOOKMARK [3][]{subsubsection.13137}{6.35.2 CreatureWandConstants}{subsection.13067}% 199
\BOOKMARK [3][]{subsubsection.13224}{6.35.3 RandomWandConstants}{subsection.13067}% 200
\BOOKMARK [3][]{subsubsection.13256}{6.35.4 UndeadWandConstants}{subsection.13067}% 201
\BOOKMARK [2][]{subsection.13315}{6.36 Resource.Constants.GeneralConstants}{section.98}% 202
\BOOKMARK [3][]{subsubsection.13316}{6.36.1 ActionConstants}{subsection.13315}% 203
\BOOKMARK [3][]{subsubsection.13347}{6.36.2 ControllerConstants}{subsection.13315}% 204
\BOOKMARK [3][]{subsubsection.13421}{6.36.3 GameConstants}{subsection.13315}% 205
\BOOKMARK [3][]{subsubsection.13467}{6.36.4 GameObjectConstants}{subsection.13315}% 206
\BOOKMARK [3][]{subsubsection.13554}{6.36.5 MapConstants}{subsection.13315}% 207
\BOOKMARK [3][]{subsubsection.13785}{6.36.6 MenuConstants}{subsection.13315}% 208
\BOOKMARK [3][]{subsubsection.14016}{6.36.7 NetworkConstants}{subsection.13315}% 209
\BOOKMARK [3][]{subsubsection.14119}{6.36.8 PlayerConstants}{subsection.13315}% 210
\BOOKMARK [3][]{subsubsection.14178}{6.36.9 PopUpConstants}{subsection.13315}% 211
\BOOKMARK [3][]{subsubsection.14243}{6.36.10 SoundConstants}{subsection.13315}% 212
\BOOKMARK [3][]{subsubsection.14293}{6.36.11 UIConstants}{subsection.13315}% 213
\BOOKMARK [2][]{subsection.14341}{6.37 Resource.Constants.MinionConstants}{section.98}% 214
\BOOKMARK [3][]{subsubsection.14342}{6.37.1 PlayerCharacterMinionConstants}{subsection.14341}% 215
\BOOKMARK [2][]{subsection.14404}{6.38 Resource.Constants.MinionConstants.Chaos}{section.98}% 216
\BOOKMARK [3][]{subsubsection.14405}{6.38.1 HellhoundMinionConstants}{subsection.14404}% 217
\BOOKMARK [3][]{subsubsection.14473}{6.38.2 HydraMinionConstants}{subsection.14404}% 218
\BOOKMARK [3][]{subsubsection.14529}{6.38.3 ManticoreMinionConstants}{subsection.14404}% 219
\BOOKMARK [3][]{subsubsection.14594}{6.38.4 SkeletonMinionConstants}{subsection.14404}% 220
\BOOKMARK [3][]{subsubsection.14649}{6.38.5 VampireMinionConstants}{subsection.14404}% 221
\BOOKMARK [3][]{subsubsection.14704}{6.38.6 ZombieMinionConstants}{subsection.14404}% 222
\BOOKMARK [2][]{subsection.14759}{6.39 Resource.Constants.MinionConstants.Law}{section.98}% 223
\BOOKMARK [3][]{subsubsection.14760}{6.39.1 IcarusTowerMinionConstants}{subsection.14759}% 224
\BOOKMARK [3][]{subsubsection.14825}{6.39.2 PaladinMinionConstants}{subsection.14759}% 225
\BOOKMARK [3][]{subsubsection.14880}{6.39.3 PegasusMinionConstants}{subsection.14759}% 226
\BOOKMARK [3][]{subsubsection.14935}{6.39.4 SapphireDragonMinionConstants}{subsection.14759}% 227
\BOOKMARK [2][]{subsection.15000}{6.40 Resource.Constants.MinionConstants.Neutral}{section.98}% 228
\BOOKMARK [3][]{subsubsection.15001}{6.40.1 AirElementalMinionConstants}{subsection.15000}% 229
\BOOKMARK [3][]{subsubsection.15056}{6.40.2 EagleMinionConstants}{subsection.15000}% 230
\BOOKMARK [3][]{subsubsection.15111}{6.40.3 GiantMinionConstants}{subsection.15000}% 231
\BOOKMARK [3][]{subsubsection.15174}{6.40.4 LionMinionConstants}{subsection.15000}% 232
\BOOKMARK [2][]{subsection.15229}{6.41 Resource.Images}{section.98}% 233
\BOOKMARK [3][]{subsubsection.15230}{6.41.1 Animations}{subsection.15229}% 234
\BOOKMARK [3][]{subsubsection.15269}{6.41.2 CardExclusiveImages}{subsection.15229}% 235
\BOOKMARK [3][]{subsubsection.15330}{6.41.3 GOImages}{subsection.15229}% 236
\BOOKMARK [3][]{subsubsection.15462}{6.41.4 HexImages}{subsection.15229}% 237
\BOOKMARK [3][]{subsubsection.15509}{6.41.5 Images}{subsection.15229}% 238
\BOOKMARK [3][]{subsubsection.15567}{6.41.6 UIElementsImages}{subsection.15229}% 239
\BOOKMARK [3][]{subsubsection.15621}{6.41.7 WandImages}{subsection.15229}% 240
\BOOKMARK [2][]{subsection.15657}{6.42 Util}{section.98}% 241
\BOOKMARK [3][]{subsubsection.15658}{6.42.1 Stack}{subsection.15657}% 242
\BOOKMARK [2][]{subsection.15721}{6.43 View.Menus}{section.98}% 243
\BOOKMARK [3][]{subsubsection.15722}{6.43.1 MainMenu}{subsection.15721}% 244
\BOOKMARK [3][]{subsubsection.15832}{6.43.2 MapOptionsMenu}{subsection.15721}% 245
\BOOKMARK [3][]{subsubsection.16063}{6.43.3 Menu}{subsection.15721}% 246
\BOOKMARK [3][]{subsubsection.16227}{6.43.4 MultiplayerMenu}{subsection.15721}% 247
\BOOKMARK [3][]{subsubsection.16402}{6.43.5 OptionsMenu}{subsection.15721}% 248
\BOOKMARK [3][]{subsubsection.16506}{6.43.6 PauseMenu}{subsection.15721}% 249
\BOOKMARK [3][]{subsubsection.16619}{6.43.7 SoundMenu}{subsection.15721}% 250
\BOOKMARK [2][]{subsection.16799}{6.44 View.PopUps}{section.98}% 251
\BOOKMARK [3][]{subsubsection.16800}{6.44.1 ConnectionPopUp}{subsection.16799}% 252
\BOOKMARK [3][]{subsubsection.16854}{6.44.2 MapSavePopUp}{subsection.16799}% 253
\BOOKMARK [3][]{subsubsection.16901}{6.44.3 PopUp}{subsection.16799}% 254
\BOOKMARK [3][]{subsubsection.17004}{6.44.4 WinPopUp}{subsection.16799}% 255
\BOOKMARK [2][]{subsection.17069}{6.45 View.Scenes}{section.98}% 256
\BOOKMARK [3][]{subsubsection.17070}{6.45.1 ChaosScene}{subsection.17069}% 257
\BOOKMARK [3][]{subsubsection.17341}{6.45.2 GameScene}{subsection.17069}% 258
\BOOKMARK [3][]{subsubsection.17606}{6.45.3 GameSetupScene}{subsection.17069}% 259
\BOOKMARK [3][]{subsubsection.17889}{6.45.4 GameSetupSceneMP}{subsection.17069}% 260
\BOOKMARK [3][]{subsubsection.18165}{6.45.5 MenuScene}{subsection.17069}% 261
\BOOKMARK [2][]{subsection.18215}{6.46 View.Stylesheets}{section.98}% 262
\BOOKMARK [3][]{subsubsection.18216}{6.46.1 MenuButton}{subsection.18215}% 263
\BOOKMARK [3][]{subsubsection.18223}{6.46.2 MenuItem}{subsection.18215}% 264
\BOOKMARK [3][]{subsubsection.18230}{6.46.3 MenuSlider}{subsection.18215}% 265
\BOOKMARK [3][]{subsubsection.18250}{6.46.4 MenuTextField}{subsection.18215}% 266
\BOOKMARK [2][]{subsection.18258}{6.47 View.Tooltip}{section.98}% 267
\BOOKMARK [3][]{subsubsection.18259}{6.47.1 CardTooltip}{subsection.18258}% 268
\BOOKMARK [3][]{subsubsection.18379}{6.47.2 GOTooltip}{subsection.18258}% 269
\BOOKMARK [3][]{subsubsection.18402}{6.47.3 MinionTooltip}{subsection.18258}% 270
\BOOKMARK [3][]{subsubsection.18560}{6.47.4 TileTooltip}{subsection.18258}% 271
\BOOKMARK [3][]{subsubsection.18596}{6.47.5 Tooltip}{subsection.18258}% 272
\BOOKMARK [3][]{subsubsection.18889}{6.47.6 TooltipBox}{subsection.18258}% 273
\BOOKMARK [3][]{subsubsection.19012}{6.47.7 WandTooltip}{subsection.18258}% 274
\BOOKMARK [2][]{subsection.19036}{6.48 View.UIElements}{section.98}% 275
\BOOKMARK [3][]{subsubsection.19037}{6.48.1 CardView}{subsection.19036}% 276
\BOOKMARK [3][]{subsubsection.19276}{6.48.2 ChaosBackground}{subsection.19036}% 277
\BOOKMARK [3][]{subsubsection.19329}{6.48.3 ChaosMenuButton}{subsection.19036}% 278
\BOOKMARK [3][]{subsubsection.19489}{6.48.4 ChaosVBox}{subsection.19036}% 279
\BOOKMARK [3][]{subsubsection.19534}{6.48.5 DeckUI}{subsection.19036}% 280
\BOOKMARK [3][]{subsubsection.19674}{6.48.6 FluxBar}{subsection.19036}% 281
\BOOKMARK [3][]{subsubsection.19927}{6.48.7 HandView}{subsection.19036}% 282
\BOOKMARK [3][]{subsubsection.20024}{6.48.8 IChaosUI}{subsection.19036}% 283
\BOOKMARK [3][]{subsubsection.20040}{6.48.9 ManaBar}{subsection.19036}% 284
\BOOKMARK [3][]{subsubsection.20235}{6.48.10 MapView}{subsection.19036}% 285
\BOOKMARK [3][]{subsubsection.20574}{6.48.11 MusicAndEffect}{subsection.19036}% 286
\BOOKMARK [3][]{subsubsection.20809}{6.48.12 PlayerWandView}{subsection.19036}% 287
\BOOKMARK [3][]{subsubsection.20943}{6.48.13 RoundButton}{subsection.19036}% 288
\BOOKMARK [3][]{subsubsection.21158}{6.48.14 TextWithBackground}{subsection.19036}% 289
\BOOKMARK [3][]{subsubsection.21307}{6.48.15 TileView}{subsection.19036}% 290
\BOOKMARK [3][]{subsubsection.21379}{6.48.16 TurnPlayerDisplay}{subsection.19036}% 291
\BOOKMARK [3][]{subsubsection.21517}{6.48.17 WandView}{subsection.19036}% 292
\BOOKMARK [1][]{section.21636}{7 Art}{}% 293
\BOOKMARK [2][]{subsection.21637}{7.1 AirElemental}{section.21636}% 294
\BOOKMARK [2][]{subsection.21638}{7.2 AirWand}{section.21636}% 295
\BOOKMARK [2][]{subsection.21639}{7.3 BlueExplosion}{section.21636}% 296
\BOOKMARK [2][]{subsection.21640}{7.4 Buff}{section.21636}% 297
\BOOKMARK [2][]{subsection.21641}{7.5 CreatureWand}{section.21636}% 298
\BOOKMARK [2][]{subsection.21642}{7.6 Death}{section.21636}% 299
\BOOKMARK [2][]{subsection.21643}{7.7 Deck}{section.21636}% 300
\BOOKMARK [2][]{subsection.21644}{7.8 Decree}{section.21636}% 301
\BOOKMARK [2][]{subsection.21645}{7.9 DivineBow}{section.21636}% 302
\BOOKMARK [2][]{subsection.21646}{7.10 DivineShield}{section.21636}% 303
\BOOKMARK [2][]{subsection.21647}{7.11 DivineSword}{section.21636}% 304
\BOOKMARK [2][]{subsection.21648}{7.12 Eagle}{section.21636}% 305
\BOOKMARK [2][]{subsection.21649}{7.13 EndTurnHover}{section.21636}% 306
\BOOKMARK [2][]{subsection.21650}{7.14 EndTurnIdle}{section.21636}% 307
\BOOKMARK [2][]{subsection.21651}{7.15 EndTurnPressed}{section.21636}% 308
\BOOKMARK [2][]{subsection.21652}{7.16 Flux}{section.21636}% 309
\BOOKMARK [2][]{subsection.21653}{7.17 Frame\137Player\137Lime}{section.21636}% 310
\BOOKMARK [2][]{subsection.21654}{7.18 Frame\137Player\137Red}{section.21636}% 311
\BOOKMARK [2][]{subsection.21655}{7.19 Frame\137Player\137Yellow}{section.21636}% 312
\BOOKMARK [2][]{subsection.21656}{7.20 GameBackground}{section.21636}% 313
\BOOKMARK [2][]{subsection.21657}{7.21 Giant}{section.21636}% 314
\BOOKMARK [2][]{subsection.21658}{7.22 Hellhound}{section.21636}% 315
\BOOKMARK [2][]{subsection.21659}{7.23 Hex\137Frame}{section.21636}% 316
\BOOKMARK [2][]{subsection.21660}{7.24 Hex\137Frame\137Highlighted\137atk}{section.21636}% 317
\BOOKMARK [2][]{subsection.21661}{7.25 Hex\137Frame\137Highlighted\137atk\137move}{section.21636}% 318
\BOOKMARK [2][]{subsection.21662}{7.26 Hex\137Frame\137Highlighted\137move}{section.21636}% 319
\BOOKMARK [2][]{subsection.21663}{7.27 Hex\137Frame\137Selected}{section.21636}% 320
\BOOKMARK [2][]{subsection.21664}{7.28 Hex\137Height\1370}{section.21636}% 321
\BOOKMARK [2][]{subsection.21665}{7.29 Hex\137Height\1371}{section.21636}% 322
\BOOKMARK [2][]{subsection.21666}{7.30 Hex\137Height\1372}{section.21636}% 323
\BOOKMARK [2][]{subsection.21667}{7.31 Hex\137Height\1373}{section.21636}% 324
\BOOKMARK [2][]{subsection.21668}{7.32 Hit}{section.21636}% 325
\BOOKMARK [2][]{subsection.21669}{7.33 Hydra}{section.21636}% 326
\BOOKMARK [2][]{subsection.21670}{7.34 IcarusTower}{section.21636}% 327
\BOOKMARK [2][]{subsection.21671}{7.35 MagicBolt}{section.21636}% 328
\BOOKMARK [2][]{subsection.21672}{7.36 ManaBar}{section.21636}% 329
\BOOKMARK [2][]{subsection.21673}{7.37 ManaCost}{section.21636}% 330
\BOOKMARK [2][]{subsection.21674}{7.38 Mana\137Crystal}{section.21636}% 331
\BOOKMARK [2][]{subsection.21675}{7.39 Manticore}{section.21636}% 332
\BOOKMARK [2][]{subsection.21676}{7.40 MenuBackground0}{section.21636}% 333
\BOOKMARK [2][]{subsection.21677}{7.41 MenuBackground1}{section.21636}% 334
\BOOKMARK [2][]{subsection.21678}{7.42 MenuBackground2}{section.21636}% 335
\BOOKMARK [2][]{subsection.21679}{7.43 MenuBackground3}{section.21636}% 336
\BOOKMARK [2][]{subsection.21680}{7.44 NoImage}{section.21636}% 337
\BOOKMARK [2][]{subsection.21681}{7.45 Obstacle}{section.21636}% 338
\BOOKMARK [2][]{subsection.21682}{7.46 Paladin}{section.21636}% 339
\BOOKMARK [2][]{subsection.21683}{7.47 Pegasus}{section.21636}% 340
\BOOKMARK [2][]{subsection.21684}{7.48 PlayerCharacter\137Wizard\137lime}{section.21636}% 341
\BOOKMARK [2][]{subsection.21685}{7.49 PlayerCharacter\137Wizard\137purple}{section.21636}% 342
\BOOKMARK [2][]{subsection.21686}{7.50 PlayerCharacter\137Wizard\137red}{section.21636}% 343
\BOOKMARK [2][]{subsection.21687}{7.51 PlayerCharacter\137Wizard\137yellow}{section.21636}% 344
\BOOKMARK [2][]{subsection.21688}{7.52 RandomWand}{section.21636}% 345
\BOOKMARK [2][]{subsection.21689}{7.53 SapphireDragon}{section.21636}% 346
\BOOKMARK [2][]{subsection.21690}{7.54 Skeleton}{section.21636}% 347
\BOOKMARK [2][]{subsection.21691}{7.55 Summon}{section.21636}% 348
\BOOKMARK [2][]{subsection.21692}{7.56 Lion}{section.21636}% 349
\BOOKMARK [2][]{subsection.21693}{7.57 UndeadWand}{section.21636}% 350
\BOOKMARK [2][]{subsection.21694}{7.58 Vampire}{section.21636}% 351
\BOOKMARK [2][]{subsection.21695}{7.59 Vengeance}{section.21636}% 352
\BOOKMARK [2][]{subsection.21696}{7.60 Windwalker}{section.21636}% 353
\BOOKMARK [2][]{subsection.21697}{7.61 Zombie}{section.21636}% 354
